
<html>
  <head>
    <title>Lab 06 - Graded Solution</title>
  </head>
  <body>
    <h1>Lab 06 - Graded Solution</h1>
    <p><b>You scored 73% = 2.19 points for this lab.</b></p>
    <ul>
      <li><b>test_check_delimiters_1</b>
      <ul>
      <li>Grade Percentage: 5</li>
      <li>Your solution succeeded taking 0.087 sec</Li>
      </ul>
      </li>
      <li><b>test_check_delimiters_2</b>
      <ul>
      <li>Grade Percentage: 5</li>
      <li>Your solution succeeded taking 0.086 sec</Li>
      </ul>
      </li>
      <li><b>test_check_delimiters_3</b>
      <ul>
      <li>Grade Percentage: 5</li>
      <li>Your solution succeeded taking 0.089 sec</Li>
      </ul>
      </li>
      <li><b>test_check_delimiters_4</b>
      <ul>
      <li>Grade Percentage: 5</li>
      <li>Your solution succeeded taking 0.097 sec</Li>
      </ul>
      </li>
      <li><b>test_check_delimiters_5</b>
      <ul>
      <li>Grade Percentage: 5</li>
      <li>Your solution succeeded taking 0.095 sec</Li>
      </ul>
      </li>
      <li><b>test_check_delimiters_6</b>
      <ul>
      <li>Grade Percentage: 5</li>
      <li>Your solution succeeded taking 0.090 sec</Li>
      </ul>
      </li>
      <li><b>test_infix_to_postfix_1</b>
      <ul>
      <li>Grade Percentage: 10</li>
      <li>Your solution succeeded taking 0.097 sec</Li>
      </ul>
      </li>
      <li><b>test_infix_to_postfix_2</b>
      <ul>
      <li>Grade Percentage: 10</li>
      <li>Your solution succeeded taking 0.090 sec</Li>
      </ul>
      </li>
      <li><b>test_infix_to_postfix_3</b>
      <ul>
      <li>Grade Percentage: 10</li>
      <li>Your solution succeeded taking 0.092 sec</Li>
      </ul>
      </li>
      <li><b>test_queue_implementation_1</b>
      <ul>
      <li>Grade Percentage: 13</li>
      <li>Your solution succeeded taking 0.094 sec</Li>
      </ul>
      </li>
      <li><b>test_queue_implementation_2</b>
      <ul>
      <li>Grade Percentage: 13</li>
      <li>Your solution failed this test case! taking 0.096 sec</Li>
<li><pre>AssertionError: Expected 5 but got 0</pre></li>
<li><pre>Traceback (most recent call last):
  File "/Users/lord_pretzel/.pyenv/versions/3.9.0/lib/python3.9/site-packages/grader-0.0.1-py3.9.egg/grader/execution_base.py", line 60, in call_test_function
    test_function(
  File "/Users/lord_pretzel/.pyenv/versions/3.9.0/lib/python3.9/site-packages/grader-0.0.1-py3.9.egg/grader/core.py", line 48, in wrapper
    result = test_function(module, *args, **kwargs)
  File "/var/folders/f7/xnz8v_b13td37s3k4w8t5j2h0000gn/T/tmpbv720d57/lab06-test.py", line 147, in test_queue_implementation_2
    assertEquals(q.dequeue(), 5)
  File "/Users/lord_pretzel/.pyenv/versions/3.9.0/lib/python3.9/site-packages/grader-0.0.1-py3.9.egg/grader/assertions.py", line 58, in assertEquals
    raise AssertionError(message)
AssertionError: Expected 5 but got 0
</pre></li>
      </ul>
      </li>
      <li><b>test_queue_implementation_3</b>
      <ul>
      <li>Grade Percentage: 14</li>
      <li>Your solution failed this test case! taking 0.097 sec</Li>
<li><pre>AttributeError: 'int' object has no attribute 'val'</pre></li>
<li><pre>Traceback (most recent call last):
  File "/Users/lord_pretzel/.pyenv/versions/3.9.0/lib/python3.9/site-packages/grader-0.0.1-py3.9.egg/grader/execution_base.py", line 60, in call_test_function
    test_function(
  File "/Users/lord_pretzel/.pyenv/versions/3.9.0/lib/python3.9/site-packages/grader-0.0.1-py3.9.egg/grader/core.py", line 48, in wrapper
    result = test_function(module, *args, **kwargs)
  File "/var/folders/f7/xnz8v_b13td37s3k4w8t5j2h0000gn/T/tmpd09plv4t/lab06-test.py", line 170, in test_queue_implementation_3
    for x, y in zip(q, range(4, 9)):
  File "<tested-program>", line 285, in __iter__
AttributeError: 'int' object has no attribute 'val'
</pre></li>
      </ul>
      </li>
    </ul>
  </body>
</html>
